_________________________________________________________________
Layer (type)                 Output Shape              Param #   
=================================================================
input (InputLayer)           (None, 25, 300)           0         
_________________________________________________________________
bilstm1 (Bidirectional)      (None, 25, 200)           320800    
_________________________________________________________________
bilstm2 (Bidirectional)      (None, 200)               240800    
_________________________________________________________________
output (Dense)               (None, 3)                 603       
=================================================================
Total params: 562,203
Trainable params: 562,203
Non-trainable params: 0
_________________________________________________________________
_________________________________________________________________
Layer (type)                 Output Shape              Param #   
=================================================================
input (InputLayer)           (None, 25, 300)           0         
_________________________________________________________________
bilstm1 (Bidirectional)      (None, 25, 200)           320800    
_________________________________________________________________
bilstm2 (Bidirectional)      (None, 25, 200)           240800    
_________________________________________________________________
td (TimeDistributed)         (None, 25, 4)             804       
_________________________________________________________________
crf (CRF)                    (None, 25, 4)             44        
=================================================================
Total params: 562,448
Trainable params: 562,448
Non-trainable params: 0
_________________________________________________________________
Evaluating...
4
5
6
10
17
25
35
56
63
65
67
78
95
99
115
117
118
120
126
127
128
131
134
138
144
147
148
155
161
162
190
191
194
198
201
202
203
207
224
225
226
233
236
242
243
250
254
256
261
263
281
285
286
302
303
321
327
336
338
342
346
358
363
365
376
380
385
386
389
392
396
405
413
418
420
429
456
467
468
471
475
478
489
493
500
503
505
511
513
524
525
526
537
538
540
560
563
564
570
575
581
596
601
604
607
609
617
624
636
639
646
647
660
662
664
667
668
672
674
676
689
699
700
710
714
717
718
723
724
729
733
741
754
761
763
767
769
770
771
776
785
794
798
805
815
816
824
826
828
831
847
849
852
854
855
861
864
871
873
876
877
879
895
896
900
902
919
920
923
925
929
937
939
951
952
954
955
957
960
967
972
976
981
985
988
990
992
993
996
1003
1013
1016
1017
1022
1029
1046
1060
1061
1063
1064
1066
1067
1070
1077
1078
1082
1083
1087
1108
1119
1121
1123
1137
1140
1142
1146
1148
1149
1151
1155
1156
1157
1161
1167
1168
1170
1185
1192
1203
1204
1206
1215
1218
1219
1244
1249
1251
1253
1255
1257
1268
1276
1277
1283
1292
1297
1301
1307
1313
1315
1319
1325
1330
1332
1333
1343
1349
1354
1359
1364
1366
1370
1384
1385
1389
1395
1397
1410
1446
1461
1471
1479
1485
1493
1494
1496
1501
1517
1528
1529
1530
1532
1541
1543
1569
1571
1572
1574
1575
1582
1586
1598
1604
1605
1606
1620
1626
1632
1634
1636
1637
1640
1646
1647
1649
1664
1665
1669
1674
1679
1680
1681
1683
1686
1687
1688
1694
1697
1702
1708
1716
1720
1723
1725
1734
1735
1754
1758
1760
1762
1793
1795
1803
1807
1811
1817
1820
1824
1825
1828
1829
1835
1839
1842
1844
1849
1853
1854
1855
1857
1858
1864
1866
1880
1888
1896
1900
1907
1909
1918
1931
1932
1945
1956
1959
1960
1969
1970
1971
1976
1977
1982
1983
1985
1987
1991
1995
1997
1998
1999
2001
2018
2027
2028
2036
2039
2040
2042
2048
2049
2050
2056
2057
2061
2062
2063
2066
2071
2076
2080
2082
2083
2106
2117
2123
2126
2129
2137
2142
2144
2151
2152
2153
2157
2159
2161
2162
2166
2181
2189
2191
2193
2194
2201
2204
2205
2206
2215
2220
2225
2238
2244
2256
2262
2263
2266
2279
2287
2292
2295
2297
2301
2325
2327
2328
2333
2337
2344
2350
2361
2363
2364
2369
2372
2377
2386
2387
2392
2394
2395
2398
2428
2434
2436
2444
2445
2450
2455
2456
2473
2480
2483
2486
2490
2492
2503
2505
2509
2512
2524
2525
2538
2540
2547
2550
2552
2557
2558
2559
2561
2564
2566
2569
2591
2594
2596
2598
2609
2613
2614
2617
2622
2626
2627
2636
2638
2646
2661
2675
2676
2688
2691
2694
2696
2702
2704
2709
2710
2713
2714
2718
2725
2730
2731
2732
2734
2735
2736
2739
2740
2745
2746
2748
2757
2763
2767
2774
2775
2778
2780
2783
2784
2787
2791
2798
2807
2809
2812
2815
2817
2825
2832
2833
2839
2840
2850
2854
2862
2870
2871
2872
2873
2879
2889
2892
2897
2899
2902
2905
2912
2913
2915
2920
2924
2929
2932
2934
2936
2939
2948
2951
2957
2959
2960
2962
2966
2968
2976
2977
2983
2994
3000
3006
3010
3017
3020
3031
3032
3038
3052
3055
3057
3058
3060
3061
3068
3069
3070
3073
3074
3087
3088
3091
3093
3100
3105
3109
3111
3118
3119
3121
3123
3125
3137
3141
3142
3147
3148
3153
3158
3171
3172
3176
3178
3184
3192
3203
3206
3209
3213
3216
3220
3223
3229
3235
3237
3243
3247
3252
3256
3262
3267
3268
3273
3279
3282
3284
3285
3288
3294
3295
3302
3303
3305
3315
3325
3326
3328
3331
3343
3344
3346
3349
3355
3357
3368
3369
3370
3374
3375
3377
3386
3390
3392
3395
3398
3418
3420
3421
3422
3433
3437
3441
3445
3446
3447
3449
3450
3458
3462
3466
3473
3475
3477
3487
3491
3496
3499
3503
3507
3508
3511
3513
3515
3518
3523
3531
3532
3534
3547
3557
3562
3573
3578
3580
3582
3583
3585
3597
3598
3601
3603
3628
3637
3638
3644
3645
3646
3673
3676
3678
3688
3697
3702
3710
3714
3720
3724
3731
3736
3737
3738
3744
3745
3747
3749
3757
3763
3764
3767
3770
3773
3776
3778
3792
3798
3799
3813
3819
3824
3841
3844
3848
3851
3852
3855
3864
3875
3877
3878
3885
3891
3901
3914
3924
3926
3944
3953
3954
3963
3970
3975
3982
3988
3992
3994
4001
4008
4015
4019
4022
4028
4030
4034
4043
4046
4058
4062
4068
4071
4080
4091
4098
4103
4107
4108
4116
4118
4124
4125
4132
4133
4135
4137
4139
4143
4144
4147
4150
4157
4159
4161
4165
4168
4171
4172
4176
4179
4186
4187
4189
4192
4200
4203
4207
4209
4219
4250
4262
4269
4277
4283
4286
4298
4299
4301
4313
4331
4333
4339
4342
4345
4346
4352
4356
4361
4364
4365
4367
4368
4371
4373
4380
4381
4384
4390
4395
4399
4414
4418
4427
4430
4433
4434
4449
4453
4465
4466
4470
4475
4482
4486
4487
4489
4492
4493
4494
4496
4497
4499
4500
4509
4515
4517
4518
4522
4532
4536
4537
4544
4549
4552
4556
4559
4565
4566
4568
4570
4572
4580
4584
4587
4592
4593
4599
4601
4613
4619
4635
4637
4640
4643
4656
4659
4660
4666
4669
4672
4683
4703
4707
4724
4726
4728
4729
4732
4736
4737
4738
4739
4743
4745
4780
4781
4785
4788
4796
4799
4807
4808
4819
4821
4824
4829
4837
4844
4845
4851
4853
4854
4858
4860
4865
4870
4876
4880
4883
4888
4892
4897
4904
4912
4913
4928
4935
4939
4947
4948
4950
4951
4954
4956
4961
4972
4981
4986
4987
4993
4995
Min:0.01 Median:0.71 Mean:0.86 Max:16.27
[1.520735740661621, 1.1036386489868164, 1.3799083232879639, 1.0644793510437012, 1.51287841796875, 0.9863383769989014, 0.011878013610839844, 0.5205473899841309, 0.9751708507537842, 1.786656379699707, 0.5923137664794922, 0.21202731132507324, 1.486088514328003, 1.0328295230865479, 1.2276878356933594, 0.6558916568756104, 0.6291346549987793, 1.5684940814971924, 0.4096086025238037, 1.4601349830627441, 0.6781694889068604, 2.0666024684906006, 0.9899568557739258, 0.50447678565979, 0.3183937072753906, 1.6455714702606201, 1.4778544902801514, 1.1087865829467773, 0.6525514125823975, 1.7289910316467285, 1.9848885536193848, 0.48923325538635254, 0.9768640995025635, 0.6041555404663086, 1.0445740222930908, 0.42279481887817383, 1.8279845714569092, 1.1112687587738037, 0.4066956043243408, 0.9605288505554199, 1.1815404891967773, 1.1929728984832764, 1.9637575149536133, 1.5039150714874268, 2.0763986110687256, 0.9208495616912842, 1.9575872421264648, 1.179117202758789, 2.4077675342559814, 1.0462350845336914, 1.0016520023345947, 1.0703177452087402, 1.3680286407470703, 0.34224462509155273, 0.9602563381195068, 1.1240801811218262, 2.235393524169922, 1.3281333446502686, 1.948209285736084, 0.8965380191802979, 0.2912783622741699, 0.06204390525817871, 1.0146515369415283, 1.9963021278381348, 1.798205852508545, 0.8465075492858887, 0.9823248386383057, 1.3707952499389648, 0.5513074398040771, 0.3579072952270508, 0.5794689655303955, 1.6769893169403076, 1.0033509731292725, 0.6876778602600098, 1.2144887447357178, 0.6209423542022705, 0.7751326560974121, 0.585808515548706, 0.49697017669677734, 0.3557302951812744, 0.2856168746948242, 1.0340521335601807, 0.9337635040283203, 5.013641357421875, 1.1047446727752686, 0.40499019622802734, 0.9132876396179199, 0.701218843460083, 0.43140697479248047, 1.5981309413909912, 1.6802918910980225, 0.8501756191253662, 1.6683721542358398, 0.05709576606750488, 2.0592968463897705, 0.8964459896087646, 4.725786447525024, 1.5878815650939941, 1.854449987411499, 0.14548921585083008, 0.4287149906158447, 1.5494403839111328, 1.776247501373291, 1.7490932941436768, 0.8655111789703369, 0.2631540298461914, 0.4083738327026367, 0.19208455085754395, 4.0163116455078125, 0.3795347213745117, 0.40909910202026367, 0.03227591514587402, 1.4249153137207031, 1.8126671314239502, 0.408008337020874, 1.3077998161315918, 1.5481977462768555, 1.0878067016601562, 0.3650953769683838, 0.9094581604003906, 1.556363582611084, 0.03795766830444336, 0.8932335376739502, 0.5369408130645752, 1.5757791996002197, 0.8258750438690186, 0.4764750003814697, 0.2560863494873047, 1.4473216533660889, 0.8283874988555908, 0.8073585033416748, 0.08428359031677246, 1.788923740386963, 4.926262617111206, 3.372999906539917, 0.15805387496948242, 4.4641032218933105, 1.5037875175476074, 0.20586442947387695, 0.6240637302398682, 0.8163425922393799, 0.4335818290710449, 1.1265606880187988, 1.1299445629119873, 0.6797213554382324, 1.1966586112976074, 9.068406343460083, 0.30152058601379395, 0.40274596214294434, 1.8526935577392578, 0.4020357131958008, 0.878767728805542, 1.143712043762207, 0.8843176364898682, 1.5012826919555664, 0.8812813758850098, 1.8040986061096191, 1.3663551807403564, 0.8510293960571289, 0.7236299514770508, 0.7842550277709961, 1.2411456108093262, 1.5304789543151855, 0.7651617527008057, 0.4355781078338623, 1.0735194683074951, 1.2775781154632568, 0.41781139373779297, 1.3979694843292236, 0.1460714340209961, 0.6395263671875, 0.7766292095184326, 1.8680877685546875, 0.8699336051940918, 1.3819897174835205, 0.5791723728179932, 0.26798200607299805, 1.6783149242401123, 1.5865614414215088, 7.190948486328125, 1.5496346950531006, 1.548003911972046, 0.7919580936431885, 0.7646889686584473, 0.8061211109161377, 1.0580830574035645, 0.02570629119873047, 1.4374394416809082, 0.9807558059692383, 0.8332152366638184, 0.6945953369140625, 1.148280382156372, 1.6268925666809082, 0.334261417388916, 1.5510311126708984, 1.8063650131225586, 1.4827377796173096, 1.5493888854980469, 0.821760892868042, 1.7862095832824707, 0.5276532173156738, 1.1896743774414062, 0.6526947021484375, 1.2069337368011475, 4.511681079864502, 1.5711824893951416, 1.0782952308654785, 1.57979154586792, 0.04269599914550781, 1.3037142753601074, 0.9612905979156494, 0.8981873989105225, 0.3466048240661621, 1.5374395847320557, 0.3016846179962158, 0.7739875316619873, 0.8910214900970459, 2.2381598949432373, 0.28270459175109863, 0.4692981243133545, 1.022374153137207, 0.9579102993011475, 0.8329157829284668, 0.07963681221008301, 0.03933119773864746, 1.3786327838897705, 0.629854679107666, 0.38085126876831055, 0.05325174331665039, 0.3923494815826416, 4.39428448677063, 6.724078893661499, 0.43610072135925293, 0.49648141860961914, 0.18333101272583008, 0.9215788841247559, 0.9195032119750977, 1.3675827980041504, 1.2588725090026855, 0.41542553901672363, 1.168262004852295, 1.0234692096710205, 0.6441583633422852, 1.2255735397338867, 1.7174263000488281, 0.5743770599365234, 0.8287901878356934, 1.4373571872711182, 0.1684398651123047, 0.6839339733123779, 0.2991795539855957, 1.1787946224212646, 0.12709903717041016, 0.43787384033203125, 0.5966677665710449, 0.6390843391418457, 0.21443676948547363, 1.3973147869110107, 1.3219096660614014, 0.5189573764801025, 0.83382248878479, 0.9283573627471924, 2.0525097846984863, 0.8153109550476074, 1.1353888511657715, 0.4231700897216797, 1.9674994945526123, 0.9796285629272461, 1.2383403778076172, 0.7225658893585205, 0.733379602432251, 0.40514135360717773, 1.47642183303833, 0.9366390705108643, 16.273425340652466, 1.6234924793243408, 0.779803991317749, 2.4171690940856934, 2.0704948902130127, 0.31923389434814453, 0.7779345512390137, 0.7990560531616211, 1.5841741561889648, 0.8987183570861816, 2.0894713401794434, 1.0407724380493164, 0.20716547966003418, 0.9335482120513916, 0.10743403434753418, 0.2062840461730957, 1.940051555633545, 1.6991095542907715, 1.0369598865509033, 1.789914608001709, 6.4039976596832275, 0.41506433486938477, 2.577444314956665, 0.2524747848510742, 0.9652185440063477, 2.946017265319824, 0.7210342884063721, 0.9772505760192871, 1.7782185077667236, 0.5530250072479248, 1.1132152080535889, 0.4362473487854004, 0.49200940132141113, 1.6831185817718506, 1.2966094017028809, 3.755645990371704, 1.0537197589874268, 1.6949055194854736, 2.2384932041168213, 0.3223235607147217, 0.6634941101074219, 1.1332268714904785, 1.2923760414123535, 6.97052526473999, 1.7618107795715332, 6.216722249984741, 1.3661446571350098, 0.7282590866088867, 1.0932118892669678, 0.4355916976928711, 0.9551022052764893, 0.8636016845703125, 0.3368408679962158, 0.8315701484680176, 0.28267621994018555, 0.7775890827178955, 0.8366971015930176, 1.0116384029388428, 0.2686891555786133, 0.7092697620391846, 1.4672582149505615, 0.5363101959228516, 1.199737310409546, 1.375781774520874, 0.07611083984375, 1.115246057510376, 0.8811182975769043, 1.0914652347564697, 1.5128026008605957, 0.3156437873840332, 0.7139348983764648, 0.5471866130828857, 0.696697473526001, 0.1524658203125, 0.851722240447998, 1.11106538772583, 0.4651780128479004, 1.0888195037841797, 1.083446979522705, 0.24132537841796875, 0.8036112785339355, 1.517333745956421, 0.42825937271118164, 0.2955746650695801, 1.1265275478363037, 0.22907185554504395, 1.0320193767547607, 1.47031831741333, 0.303922176361084, 1.3724589347839355, 0.437762975692749, 0.686415433883667, 0.27477359771728516, 0.2178187370300293, 0.33135366439819336, 0.6952743530273438, 0.7463510036468506, 0.9442191123962402, 0.6795647144317627, 0.8288266658782959, 1.0025689601898193, 0.3112523555755615, 0.2841060161590576, 0.6256811618804932, 0.22437477111816406, 1.1450717449188232, 0.9054274559020996, 0.3684663772583008, 0.48456525802612305, 0.00952458381652832, 1.1393742561340332, 0.33921027183532715, 1.2374870777130127, 0.7883353233337402, 0.3674287796020508, 0.4257020950317383, 0.9781458377838135, 1.4749712944030762, 2.112285614013672, 0.9624505043029785, 0.353360652923584, 1.4761550426483154, 1.1596448421478271, 0.5150377750396729, 0.23530077934265137, 0.405977725982666, 0.4803919792175293, 1.3958592414855957, 1.1873621940612793, 1.0253541469573975, 0.3544337749481201, 0.7760360240936279, 0.7018039226531982, 1.2921090126037598, 0.98333740234375, 0.7368199825286865, 0.2218644618988037, 0.5612208843231201, 0.6953825950622559, 0.7246875762939453, 0.21552777290344238, 0.877669095993042, 1.0413837432861328, 0.3265974521636963, 1.4087998867034912, 0.11114668846130371, 0.3094749450683594, 0.5044851303100586, 0.7091591358184814, 0.434492826461792, 0.2946789264678955, 0.7674205303192139, 0.7336010932922363, 0.8088722229003906, 0.011095046997070312, 1.1334702968597412, 0.22330737113952637, 1.5657985210418701, 1.184173822402954, 0.5297596454620361, 1.6501905918121338, 0.11231756210327148, 0.9613683223724365, 0.4874565601348877, 0.7772865295410156, 0.8061091899871826, 1.4947335720062256, 0.39412951469421387, 0.8543438911437988, 0.3379831314086914, 0.88022780418396, 1.7279822826385498, 0.9611861705780029, 1.1570916175842285, 0.9889636039733887, 2.261417865753174, 1.09006667137146, 1.8337266445159912, 0.4777183532714844, 1.4557838439941406, 1.1074323654174805, 0.5859451293945312, 0.4815254211425781, 1.509516716003418, 0.8667435646057129, 1.050384283065796, 0.009291887283325195, 0.6869409084320068, 0.33959126472473145, 0.26888227462768555, 0.9281151294708252, 0.4421682357788086, 0.2957031726837158, 0.5899925231933594, 0.6914055347442627, 0.1395876407623291, 0.7926747798919678, 0.722027063369751, 0.710308313369751, 1.4739320278167725, 1.3318331241607666, 1.8819952011108398, 0.3630032539367676, 0.7468564510345459, 1.5875391960144043, 0.13103246688842773, 0.2734982967376709, 1.2985162734985352, 0.7672176361083984, 1.648867130279541, 0.41118645668029785, 0.27291274070739746, 0.933696985244751, 0.7090985774993896, 1.121558666229248, 0.42778682708740234, 0.49567341804504395, 0.2582979202270508, 0.26117801666259766, 0.7986247539520264, 0.307680606842041, 0.2262868881225586, 1.0179896354675293, 0.21756219863891602, 0.008969783782958984, 0.008594274520874023, 0.9473466873168945, 0.01038980484008789, 1.5610618591308594, 0.895329475402832, 0.26205992698669434, 1.191086769104004, 0.4176490306854248, 0.6043055057525635, 0.6783068180084229, 1.0125219821929932, 0.26439952850341797, 1.4306957721710205, 0.6806514263153076, 0.010109424591064453, 0.23407268524169922, 0.5305888652801514, 1.356929063796997, 1.017517328262329, 0.4180130958557129, 1.1419644355773926, 1.0284156799316406, 0.8725831508636475, 0.38422322273254395, 0.4948232173919678, 0.3198118209838867, 0.45798707008361816, 1.7047760486602783, 0.25493383407592773, 0.839648962020874, 1.0109169483184814, 0.9336240291595459, 0.4987804889678955, 0.010561704635620117, 0.10251545906066895, 0.614234447479248, 0.08231091499328613, 1.0243453979492188, 0.8226175308227539, 0.4009873867034912, 0.4439089298248291, 1.071080207824707, 0.6723470687866211, 0.3250570297241211, 0.4349706172943115, 1.7130167484283447, 0.6122851371765137, 0.3772895336151123, 0.6993906497955322, 0.25536680221557617, 0.778965950012207, 1.1992862224578857, 0.5509419441223145, 0.22830414772033691, 0.2690608501434326, 0.2121572494506836, 0.9831438064575195, 0.3382537364959717, 0.26947450637817383, 0.010297298431396484, 1.2998156547546387, 0.455078125, 1.5792627334594727, 0.5814802646636963, 0.31003594398498535, 0.6042797565460205, 0.7491674423217773, 1.0437819957733154, 0.706376314163208, 0.9251253604888916, 0.9216725826263428, 0.7175424098968506, 0.8910965919494629, 0.012972354888916016, 0.9981036186218262, 0.7348630428314209, 1.1603379249572754, 0.23333287239074707, 0.9365079402923584, 0.17919468879699707, 1.5823192596435547, 0.26132965087890625, 3.7696895599365234, 0.9917595386505127, 0.9558489322662354, 0.39723944664001465, 0.7353944778442383, 0.30864763259887695, 1.2723362445831299, 0.7854249477386475, 0.21334552764892578, 0.36164164543151855, 0.051024436950683594, 0.4030954837799072, 0.6363406181335449, 1.0601911544799805, 0.29901933670043945, 1.2687537670135498, 0.9862754344940186, 1.412111759185791, 1.2624835968017578, 0.3459603786468506, 0.640941858291626, 0.0445713996887207, 1.1521697044372559, 0.7891845703125, 0.5023081302642822, 1.5194437503814697, 0.6461148262023926, 1.27852201461792, 0.2548835277557373, 0.6623005867004395, 0.24913454055786133, 0.5075883865356445, 1.0172953605651855, 0.46417927742004395, 1.0305001735687256, 0.7001855373382568, 0.17135143280029297, 0.2279052734375, 1.7272758483886719, 0.2553257942199707, 0.3507263660430908, 0.81606125831604, 0.5627315044403076, 0.7248985767364502, 0.31316089630126953, 0.3705453872680664, 0.9018590450286865, 0.32993340492248535, 0.7626051902770996, 0.546699047088623, 0.2975425720214844, 0.10196185111999512, 0.09565448760986328, 0.7703721523284912, 0.7663888931274414, 0.3059511184692383, 0.20624446868896484, 0.40120911598205566, 1.7000346183776855, 0.8785383701324463, 1.2312884330749512, 0.5697588920593262, 0.35178303718566895, 0.49383020401000977, 0.3993039131164551, 1.035696268081665, 0.753925085067749, 0.7483007907867432, 0.5079686641693115, 0.2637960910797119, 0.2165067195892334, 0.8196072578430176, 0.7673547267913818, 0.7237918376922607, 0.3495042324066162, 0.7083592414855957, 0.35570526123046875, 0.5540182590484619, 0.009706735610961914, 0.49524688720703125, 0.501061201095581, 0.5266482830047607, 0.9210841655731201, 0.6291072368621826, 0.22275376319885254, 0.2940080165863037, 0.22951626777648926, 0.33229541778564453, 0.34208059310913086, 0.31032586097717285, 0.826646089553833, 0.17927217483520508, 0.8352079391479492, 0.17271161079406738, 1.1243796348571777, 0.3299224376678467, 0.8222713470458984, 1.363663911819458, 1.0425245761871338, 1.042189598083496, 1.5940377712249756, 0.7104284763336182, 0.42998409271240234, 1.6325557231903076, 0.6268508434295654, 0.5850865840911865, 0.3505971431732178, 0.7294754981994629, 1.2857465744018555, 1.4750897884368896, 0.010385990142822266, 1.2543556690216064, 0.6752293109893799, 0.611311674118042, 1.0353233814239502, 0.6372270584106445, 0.09142231941223145, 0.5135793685913086, 0.27135348320007324, 0.2483811378479004, 0.7672364711761475, 2.0135698318481445, 0.28397178649902344, 0.5412468910217285, 0.23005270957946777, 1.1960160732269287, 1.0076079368591309, 1.6464447975158691, 0.6908488273620605, 0.4468815326690674, 0.08957386016845703, 0.7184290885925293, 1.1274080276489258, 0.8885805606842041, 0.30467796325683594, 0.3279845714569092, 0.7896108627319336, 0.6913561820983887, 0.3495216369628906, 0.2785820960998535, 0.20791125297546387, 0.38318777084350586, 0.6629123687744141, 0.2407054901123047, 0.5179450511932373, 0.29248809814453125, 0.3751974105834961, 0.8646681308746338, 0.25730395317077637, 0.4101262092590332, 0.32238173484802246, 0.5738377571105957, 0.06251764297485352, 0.22943687438964844, 0.6471517086029053, 0.3294391632080078, 0.3206956386566162, 0.7139124870300293, 0.8461780548095703, 0.739166259765625, 1.0050630569458008, 0.8899154663085938, 0.8478124141693115, 0.46656322479248047, 1.3304238319396973, 0.4615504741668701, 0.739128589630127, 0.8456635475158691, 0.6167285442352295, 0.4308929443359375, 0.9637644290924072, 0.23476910591125488, 0.295849084854126, 0.40329551696777344, 0.2564568519592285, 0.7132937908172607, 0.10333108901977539, 0.4764890670776367, 1.4113163948059082, 0.4212815761566162, 0.8735418319702148, 0.8810491561889648, 1.038398027420044, 0.68904709815979, 0.33072948455810547, 1.0154345035552979, 0.34953999519348145, 0.22741460800170898, 0.9812216758728027, 0.7729799747467041, 1.057852029800415, 1.083756923675537, 0.2613515853881836, 1.097961187362671, 0.8109934329986572, 0.21454143524169922, 0.55218505859375, 0.3720543384552002, 0.23331642150878906, 1.3532915115356445, 0.4266040325164795, 0.7873063087463379, 0.5789072513580322, 0.31757521629333496, 0.18379688262939453, 1.0496110916137695, 0.6217062473297119, 0.04654884338378906, 0.8331148624420166, 1.0171661376953125, 0.34511446952819824, 0.09466552734375, 0.6475427150726318, 2.225857973098755, 0.29358410835266113, 0.6479861736297607, 0.2523961067199707, 0.34621477127075195, 0.20341253280639648, 0.15480637550354004, 0.22621822357177734, 0.8685750961303711, 3.049541711807251, 0.27171802520751953, 0.2614710330963135, 0.7830755710601807, 0.18896269798278809, 0.3085815906524658, 0.41770005226135254, 1.1269404888153076, 0.3619670867919922, 0.7455074787139893, 0.33451390266418457, 13.94587230682373, 0.2845034599304199, 0.4065723419189453, 0.7999541759490967, 0.9595482349395752, 1.3244776725769043, 1.3451402187347412, 0.614436149597168, 0.56728196144104, 1.0265789031982422, 0.009072065353393555, 0.009390830993652344, 0.24010586738586426, 0.08412337303161621, 0.6122398376464844, 0.6676690578460693, 0.597851037979126, 0.9436061382293701, 0.20470619201660156, 0.48355674743652344, 0.812901496887207, 0.009966135025024414, 0.35813069343566895, 0.2603037357330322, 0.6218032836914062, 0.5049128532409668, 0.7297194004058838, 0.2809891700744629, 0.808521032333374, 1.1578588485717773, 0.6088821887969971, 0.7214841842651367, 0.4379251003265381, 0.2088150978088379, 0.7974026203155518, 0.5300965309143066, 0.1534736156463623, 0.23789167404174805, 0.7094628810882568, 0.5314614772796631, 0.35540080070495605, 0.4291520118713379, 0.6196126937866211, 0.9515907764434814, 0.36241936683654785, 0.34174013137817383, 0.3311474323272705, 0.7599270343780518, 1.1944122314453125, 1.0033509731292725, 1.0492682456970215, 0.352872371673584, 0.28536057472229004, 0.35129380226135254, 0.35923123359680176, 0.7994449138641357, 0.3235774040222168, 0.42348408699035645, 0.010011434555053711, 0.219956636428833, 0.7559435367584229, 0.2630465030670166, 1.2010326385498047, 0.47135329246520996, 0.826596736907959, 0.0891714096069336, 0.7241113185882568, 0.6156618595123291, 0.9379129409790039, 0.7608795166015625, 0.11442375183105469, 0.18337416648864746, 0.5851302146911621, 0.5129430294036865, 0.3585481643676758, 0.6608037948608398, 1.0621018409729004, 0.49989819526672363, 0.9590747356414795, 0.26033830642700195, 0.4255409240722656, 0.6126563549041748, 0.7197532653808594, 1.1073276996612549, 1.0350210666656494, 0.43470311164855957, 0.9791924953460693, 0.5221550464630127, 0.35172390937805176, 0.6475510597229004, 0.5402917861938477, 0.6167714595794678, 0.2005627155303955, 0.3348698616027832, 0.3114645481109619, 0.32528233528137207, 0.7137713432312012, 0.5968725681304932, 0.8051896095275879, 0.3473348617553711, 0.46590471267700195, 0.5338072776794434, 0.34360313415527344, 0.48085904121398926, 0.30706119537353516, 0.2034769058227539, 0.008840084075927734, 1.0922248363494873, 0.7374093532562256, 0.9849457740783691, 0.7132747173309326, 0.7708745002746582, 0.7822427749633789, 1.0979673862457275, 0.14783072471618652, 0.19000649452209473, 0.3055450916290283, 0.009399890899658203, 0.75099778175354, 0.6206893920898438, 0.7389786243438721, 0.5495827198028564, 0.33713746070861816, 0.701256275177002, 0.34538793563842773, 0.29131484031677246, 0.6168162822723389, 0.44254541397094727, 1.30234694480896, 0.6357972621917725, 0.1447443962097168, 1.1055755615234375, 0.6919562816619873, 0.34079527854919434, 1.0163662433624268, 0.7775464057922363, 0.37651896476745605, 1.2699086666107178, 1.1095166206359863, 0.7121703624725342, 0.5891506671905518, 0.22174692153930664, 0.702162504196167, 0.07235431671142578, 1.1790525913238525, 0.6485857963562012, 0.6431989669799805, 0.06019926071166992, 0.30574488639831543, 1.0995879173278809, 0.2804839611053467, 0.3100321292877197, 0.5238416194915771, 0.3013801574707031, 0.408069372177124, 0.7207517623901367, 0.24299144744873047, 0.46769165992736816, 0.26187992095947266, 0.2704193592071533, 0.4046766757965088, 0.009527921676635742, 1.1396780014038086, 0.7307047843933105, 0.7532405853271484, 0.5207366943359375, 0.22312188148498535, 0.3203556537628174, 0.7600359916687012, 0.3478739261627197, 0.5357730388641357, 0.722825288772583, 0.7542765140533447, 0.8432447910308838, 0.36510396003723145, 0.2639458179473877, 1.4707369804382324, 0.9877307415008545, 0.3009054660797119, 0.009616613388061523, 0.2982659339904785, 0.7243316173553467, 0.7039754390716553, 0.7588629722595215, 0.49719977378845215]
[1, 1, 1, 2, 2, 1, 0, 1, 2, 2, 0, 1, 1, 1, 59, 1, 0, 5, 1, 2, 0, 2, 1, 1, 1, 1, 2, 1, 0, 1, 2, 1, 2, 1, 1, 1, 2, 2, 1, 1, 2, 1, 498, 1, 1, 1, 2, 2, 2760, 2, 1, 1, 0, 1, 1, 1, 2, 2, 256, 1, 1, 0, 2, 2, 57, 1, 1, 1, 0, 1, 1, 2, 1, 0, 1, 3, 1, 1, 1, 1, 1, 2, 2, 1, 2, 1, 1, 2, 1, 1, 31, 1, 1, 0, 2, 1, 1, 2, 2, 1, 1, 24, 2, 30, 1, 0, 1, 1, 2, 0, 1, 0, 2, 125, 2, 1, 16, 1, 1, 1, 62, 0, 1, 1, 1, 2, 1, 1, 1, 1, 1, 1, 2, 209, 1, 1, 1, 2, 1, 2, 0, 1, 1, 1, 0, 16, 1, 1, 1, 2, 2, 1, 1, 1, 18, 1, 2, 2, 1, 1, 1, 2, 1, 1, 1, 1, 690, 1, 2, 1, 1, 1, 2, 1, 1445, 1, 0, 0, 1, 3, 3, 2, 1, 1, 1, 5, 0, 3, 1, 1, 0, 2, 2, 1, 357, 6, 1, 76, 1, 2, 1, 1, 1, 2, 80, 21, 2, 27, 0, 1, 2, 2, 2, 2, 1, 1, 1, 2, 2, 1, 1, 2, 1, 1, 0, 27, 16, 2, 0, 1, 1, 2, 2, 1, 1, 2, 1, 2, 1, 1, 41, 1, 1, 1, 2, 1, 1, 2, 0, 266, 1, 307, 1, 1, 1, 2, 1, 2, 2, 2, 1, 2, 2, 1, 1, 1, 258, 32, 2, 1, 1, 1, 1, 2, 1, 2, 2, 2, 1, 1, 1, 1, 2, 23, 2, 1, 1, 1, 1, 1, 15, 1, 1, 2, 2, 1, 2723, 1, 2, 2, 1, 5, 2, 1, 2, 2, 1, 1, 2, 406, 1, 1, 1, 1, 0, 5, 1, 1, 2, 5, 2, 2, 2, 1, 1, 1, 1, 2, 1, 1, 1, 1, 1, 1, 2, 1, 2, 1605, 1, 2, 2, 1, 1, 1, 1, 1, 2, 2, 2, 6, 3, 3, 0, 1, 1, 2, 1, 1, 1, 0, 2, 2, 1, 1, 1, 0, 1, 1, 1, 1, 1, 1, 1, 1, 1, 1, 1, 0, 1, 9, 2, 2, 2, 0, 43, 1, 2, 3, 1, 1, 1, 2, 2, 1, 1, 2, 2, 1, 1, 1, 10, 7, 2, 2, 1, 2, 0, 0, 2, 1, 0, 1, 1, 1, 0, 1, 2, 2, 2, 1, 1, 2, 1, 1, 1, 1, 1, 1, 0, 3, 1, 1, 2, 2, 2, 1, 1, 1, 1, 2, 2, 2, 1, 1, 0, 1, 2, 30, 2, 2, 2, 1, 2, 8, 1, 2, 2, 2, 1, 12, 0, 0, 1, 1, 19, 1, 1, 210, 2, 2, 1, 1, 1, 2, 1, 2, 1, 2, 1, 1, 1, 1, 157, 1, 2, 1, 1, 1, 2, 0, 1, 1, 1, 1, 1, 1, 2, 0, 0, 0, 2, 0, 2, 0, 1, 2, 2, 1, 1, 2, 1, 1, 1, 0, 1, 2, 2, 8, 1, 2, 2, 1, 1, 1, 1, 3, 2, 1, 1, 15, 1, 2, 0, 1, 2, 1, 1, 2, 2, 1, 2, 3, 1, 1, 2, 1, 1, 1, 1, 1, 2, 16, 0, 1, 0, 1, 1, 1, 0, 1, 1, 4, 2, 1, 1, 1, 80, 1, 2, 1, 1, 1, 0, 1, 1, 1, 0, 1, 1, 2, 1, 53, 1, 2, 1, 1, 1, 2, 1, 1, 1, 0, 2, 1, 4, 1, 2, 61, 1, 2, 1, 9, 1, 1, 1, 2, 2, 2, 1, 1, 6, 1, 2, 2, 2, 2, 1, 2, 0, 2, 1, 1, 1, 1, 2, 1, 2, 1, 1, 1, 1, 1, 1, 1, 1, 1, 1, 0, 1, 1, 2, 2, 2, 1, 1, 1, 2, 2, 39, 35, 1, 0, 1, 1, 2, 1, 1, 1, 1, 0, 1, 1, 1, 1, 2, 2, 1, 0, 1, 1, 1, 1, 1, 1, 2, 2, 1, 1, 1, 2, 2, 2, 2, 1, 2, 2, 6, 2, 1, 2, 8, 0, 6, 1, 2, 1, 2, 1, 1, 1, 1, 2, 1, 1, 1, 1, 2, 13, 2, 108, 1, 1, 1, 2, 2, 1, 1, 2, 1, 1, 1, 0, 2, 1, 0, 3, 1, 1, 1, 1, 1, 1, 2, 1, 0, 1, 1, 2, 2, 1, 1, 19, 1, 2, 1, 1, 1, 1, 1, 0, 1, 5, 1, 1, 1, 1, 1, 1, 2, 1, 1, 1, 1, 2, 1, 1, 13, 1, 1, 31, 1, 2, 1, 1, 1, 1, 0, 2, 1, 0, 0, 1, 1, 1, 1, 1, 1, 1, 1, 1, 2, 2, 1, 1, 2, 1, 2, 1, 1, 0, 1, 1, 1, 2, 2, 1, 1, 1, 1, 1, 6, 1, 1, 1, 60, 1, 1, 2, 3, 1730, 2, 2, 128, 2, 0, 0, 0, 1, 2, 1, 2, 1, 1, 1, 1, 0, 1, 0, 1, 1, 2, 1, 1, 28, 15, 1, 1, 0, 1, 1, 1, 2, 5, 2, 1, 1, 85, 1, 2, 1, 1, 3, 7, 1, 1, 1, 1, 0, 1, 0, 1, 1, 0, 0, 2, 2, 1, 2, 1, 1, 1, 1, 1, 6, 0, 2, 6, 1, 1, 2, 12, 12, 1, 1, 1, 1, 2, 2, 1, 2, 3, 2, 1, 1, 1, 9, 1, 1, 1, 1, 1, 2, 2, 1, 2, 1, 1, 0, 1, 1, 0, 1, 1, 2, 2, 2, 1, 1, 1, 1, 1, 0, 2, 3, 1, 1, 1, 123, 1, 1, 0, 1, 2, 0, 1, 2, 1, 1, 105, 2, 1, 2, 1, 2, 1, 0, 1, 1, 1, 5, 0, 1, 1, 1, 1, 2, 1, 1, 2, 1, 0, 1, 1, 1, 1, 0, 1, 1, 2, 1, 0, 1, 1, 1, 1, 1, 2, 1, 1, 1, 2, 2, 2, 0, 1, 1, 2, 1, 7]
[1, 1, 2, 2, 1, 1, 0, 0, 0, 2, 1, 0, 1, 1, 2, 1, 1, 2, 0, 2, 1, 2, 1, 0, 1, 2, 1, 1, 1, 2, 2, 0, 1, 1, 1, 1, 2, 1, 1, 1, 1, 1, 2, 2, 1, 1, 2, 1, 2, 1, 1, 1, 2, 0, 1, 1, 2, 1, 2, 1, 0, 0, 2, 2, 2, 1, 1, 1, 1, 0, 0, 2, 1, 1, 1, 2, 1, 0, 1, 1, 0, 0, 1, 0, 1, 1, 1, 0, 1, 1, 3, 1, 2, 0, 2, 1, 1, 2, 2, 0, 1, 2, 3, 2, 1, 1, 1, 0, 2, 1, 1, 0, 2, 2, 1, 1, 2, 1, 1, 1, 2, 0, 1, 1, 2, 1, 1, 0, 1, 1, 1, 0, 2, 2, 0, 0, 1, 2, 0, 1, 1, 0, 1, 1, 1, 2, 1, 0, 1, 2, 1, 1, 1, 1, 2, 1, 2, 2, 1, 1, 0, 2, 2, 1, 1, 1, 2, 1, 1, 0, 1, 1, 2, 1, 2, 1, 1, 0, 2, 2, 2, 2, 1, 1, 1, 2, 0, 2, 1, 1, 1, 2, 2, 0, 2, 2, 1, 2, 1, 2, 1, 1, 0, 2, 2, 2, 2, 2, 0, 1, 2, 1, 0, 2, 1, 1, 1, 2, 0, 1, 1, 1, 2, 0, 0, 2, 2, 0, 0, 0, 1, 1, 1, 1, 0, 1, 1, 1, 1, 1, 2, 2, 2, 1, 2, 2, 1, 2, 0, 2, 0, 2, 0, 1, 1, 1, 0, 2, 2, 2, 1, 1, 2, 1, 2, 0, 2, 2, 1, 1, 1, 1, 2, 1, 1, 2, 2, 0, 3, 0, 1, 1, 2, 2, 2, 1, 0, 1, 0, 0, 2, 1, 1, 1, 2, 0, 2, 1, 2, 2, 1, 2, 2, 1, 2, 0, 1, 1, 2, 2, 2, 1, 1, 1, 1, 2, 1, 1, 2, 2, 1, 1, 2, 0, 1, 1, 1, 1, 1, 1, 1, 1, 1, 1, 2, 0, 2, 2, 0, 2, 1, 2, 2, 1, 1, 1, 2, 0, 2, 2, 0, 2, 1, 1, 1, 2, 1, 1, 2, 1, 2, 2, 0, 2, 1, 1, 1, 0, 1, 1, 1, 1, 1, 1, 1, 1, 1, 2, 1, 2, 1, 1, 1, 0, 2, 1, 1, 2, 1, 1, 1, 2, 1, 1, 1, 2, 1, 1, 1, 1, 2, 2, 2, 1, 1, 1, 1, 2, 2, 1, 1, 1, 1, 1, 1, 1, 2, 0, 2, 0, 1, 1, 1, 1, 1, 1, 1, 0, 0, 2, 0, 2, 2, 1, 1, 0, 1, 2, 1, 1, 2, 1, 1, 1, 2, 1, 2, 2, 1, 2, 2, 2, 1, 2, 1, 1, 1, 2, 1, 2, 0, 1, 0, 0, 2, 1, 1, 2, 2, 0, 1, 1, 1, 2, 2, 2, 1, 1, 2, 0, 1, 2, 2, 2, 1, 1, 1, 1, 1, 2, 2, 1, 1, 1, 1, 0, 2, 1, 0, 0, 1, 0, 2, 2, 1, 1, 1, 1, 1, 2, 1, 2, 1, 0, 0, 2, 2, 2, 1, 2, 2, 1, 1, 2, 1, 2, 2, 1, 1, 2, 1, 1, 0, 0, 2, 0, 2, 1, 1, 1, 2, 2, 1, 1, 2, 2, 1, 1, 1, 1, 2, 2, 1, 1, 1, 2, 1, 1, 0, 1, 1, 2, 2, 1, 2, 1, 2, 1, 1, 1, 1, 1, 0, 2, 1, 2, 1, 0, 0, 2, 0, 2, 2, 1, 1, 1, 1, 1, 1, 0, 1, 0, 0, 2, 2, 1, 2, 2, 1, 1, 1, 2, 0, 1, 1, 0, 2, 2, 2, 0, 2, 1, 2, 1, 1, 0, 1, 0, 1, 2, 0, 0, 1, 2, 2, 1, 1, 1, 1, 1, 1, 1, 0, 0, 1, 1, 1, 1, 1, 1, 1, 2, 1, 1, 1, 1, 1, 2, 2, 2, 1, 1, 1, 1, 1, 1, 0, 1, 2, 0, 2, 1, 1, 1, 2, 0, 0, 1, 1, 1, 1, 1, 0, 1, 0, 2, 1, 1, 2, 1, 2, 2, 1, 1, 2, 2, 2, 1, 1, 2, 2, 0, 2, 1, 2, 2, 2, 0, 1, 1, 0, 1, 1, 1, 0, 1, 0, 2, 2, 2, 1, 0, 1, 2, 1, 1, 1, 1, 1, 1, 1, 1, 0, 1, 1, 2, 1, 1, 1, 1, 1, 1, 2, 0, 1, 1, 1, 1, 1, 1, 1, 2, 1, 1, 1, 1, 1, 1, 1, 1, 1, 2, 0, 1, 1, 1, 1, 0, 1, 1, 1, 1, 1, 1, 0, 1, 2, 1, 0, 2, 1, 2, 1, 1, 2, 1, 1, 1, 1, 1, 2, 0, 1, 0, 1, 0, 1, 1, 0, 1, 2, 1, 0, 1, 1, 1, 1, 1, 1, 1, 0, 1, 1, 0, 0, 1, 1, 0, 1, 1, 2, 1, 1, 1, 2, 1, 1, 1, 2, 2, 1, 1, 2, 1, 0, 0, 1, 0, 1, 1, 2, 2, 0, 1, 1, 0, 0, 1, 2, 0, 2, 1, 0, 2, 2, 1, 2, 1, 1, 1, 0, 0, 2, 1, 1, 1, 2, 1, 1, 0, 1, 2, 2, 2, 1, 1, 1, 1, 1, 1, 1, 1, 0, 1, 2, 0, 1, 1, 1, 0, 1, 2, 1, 2, 0, 0, 2, 1, 1, 2, 2, 2, 1, 0, 1, 2, 0, 2, 2, 1, 2, 2, 1, 2, 1, 2, 0, 1, 1, 1, 1, 1, 2, 1, 2, 2, 1, 2, 0, 0, 0, 2, 1, 1, 1, 2, 1, 1, 0, 0, 1, 0, 2, 1, 1, 1, 1, 2, 1, 1, 1, 1, 1, 1, 0, 2, 1, 1, 2, 3, 1, 2, 2, 1, 2, 1, 1, 0, 1, 2, 1, 0, 1, 1, 0, 0, 1, 1, 0, 1, 1, 1, 1, 1, 1, 0, 1, 1, 2, 1, 1, 1, 1, 0, 1, 1, 2, 1, 1, 1, 1, 1, 1, 0, 1, 1, 1, 1, 2]
[208, 4, 2, 10, 12, 19, 0, 48, 284, 2, 0, 18, 19, 1, 14, 4, 0, 5, 8, 11, 0, 3, 1, 350, 8, 5, 14, 0, 0, 9, 10, 138, 6, 3, 35, 0, 10, 2, 27, 35, 3, 147, 14, 11, 276, 22, 5, 24, 43, 2, 6, 13, 0, 12, 1, 13, 9, 11, 10, 4, 65, 0, 11, 6, 50, 1, 3, 2, 0, 16, 103, 1, 1, 0, 1, 8, 3, 52, 17, 18, 3, 379, 10, 41, 8, 3, 3, 258, 1, 1, 9, 1, 1, 0, 20, 6, 4, 4, 6, 45, 3, 17, 3, 23, 2, 0, 2, 140, 24, 0, 0, 0, 15, 8, 12, 6, 7, 32, 0, 8, 7, 0, 15, 2, 4, 33, 1, 25, 2, 3, 5, 14, 7, 21, 114, 26, 13, 5, 169, 6, 0, 32, 4, 3, 0, 18, 4, 106, 2, 3, 2, 0, 3, 2, 8, 1, 13, 4, 8, 3, 102, 13, 4, 0, 2, 3, 38, 64, 1, 38, 5, 1, 5, 27, 32, 5, 0, 0, 0, 3, 7, 13, 12, 2, 2, 27, 0, 7, 3, 1, 0, 3, 31, 45, 57, 6, 2, 27, 0, 9, 7, 0, 24, 12, 52, 6, 4, 19, 0, 263, 16, 4, 20, 17, 6, 2, 4, 6, 215, 6, 0, 18, 9, 15, 0, 13, 10, 135, 0, 334, 3, 4, 2, 8, 33, 2, 76, 3, 46, 9, 10, 0, 2, 3, 2, 2, 0, 6, 0, 14, 11, 15, 24, 2, 24, 0, 81, 8, 4, 6, 29, 11, 18, 0, 0, 83, 8, 5, 8, 6, 274, 7, 0, 6, 5, 10, 17, 479, 16, 9, 3, 3, 13, 15, 7, 2, 18, 3, 14, 65, 46, 0, 4, 0, 15, 191, 11, 1, 9, 14, 9, 12, 6, 1, 3, 66, 2, 381, 31, 21, 0, 2, 0, 5, 0, 8, 1, 47, 3, 13, 7, 4, 3, 345, 3, 8, 6, 2, 33, 0, 2, 1, 2, 5, 3, 11, 6, 44, 33, 3, 9, 2, 0, 21, 1, 0, 5, 83, 8, 14, 258, 12, 0, 6, 2, 8, 2, 16, 6, 0, 9, 20, 16, 0, 6, 0, 8, 25, 2, 0, 2, 5, 2, 5, 5, 18, 2, 0, 1, 29, 3, 8, 5, 0, 31, 2, 456, 7, 66, 2, 15, 4, 3, 4, 4, 7, 2, 1, 2, 1, 6, 10, 4, 0, 26, 2, 0, 0, 23, 4, 0, 2, 10, 1, 0, 4, 5, 181, 9, 2, 0, 6, 3, 2, 9, 2, 1, 73, 0, 24, 151, 4, 14, 6, 3, 102, 4, 0, 2, 6, 8, 9, 8, 2, 0, 3, 4, 35, 5, 9, 4, 0, 1, 20, 98, 3, 8, 4, 6, 13, 0, 0, 19, 35, 16, 2, 5, 17, 6, 51, 10, 4, 0, 5, 0, 12, 258, 7, 5, 139, 6, 0, 32, 0, 6, 0, 270, 9, 1, 0, 0, 9, 5, 0, 3, 218, 5, 0, 0, 0, 0, 0, 11, 0, 10, 5, 6, 8, 0, 6, 1, 0, 5, 0, 99, 8, 8, 4, 0, 3, 4, 7, 0, 0, 87, 3, 13, 0, 4, 9, 132, 9, 0, 29, 3, 17, 6, 3, 4, 3, 6, 3, 1, 34, 4, 0, 2, 13, 2, 4, 19, 8, 0, 9, 0, 0, 13, 1, 0, 1, 0, 3, 17, 5, 0, 2, 16, 19, 2, 240, 0, 2, 0, 5, 6, 5, 0, 25, 80, 23, 255, 31, 11, 4, 2, 0, 4, 40, 1, 47, 2, 0, 55, 2, 12, 0, 47, 7, 0, 5, 4, 8, 2, 3, 1, 104, 8, 10, 2, 198, 7, 13, 21, 8, 1, 541, 10, 134, 0, 5, 8, 206, 7, 3, 12, 0, 13, 2, 4, 5, 2, 0, 30, 11, 3, 3, 33, 0, 4, 9, 0, 2, 15, 0, 4, 0, 4, 10, 10, 9, 1, 0, 2, 3, 2, 43, 324, 13, 29, 0, 11, 16, 16, 1, 12, 22, 39, 0, 2, 3, 6, 1, 39, 8, 21, 6, 5, 1, 0, 10, 8, 11, 22, 4, 8, 28, 7, 6, 0, 6, 5, 0, 10, 5, 2, 0, 16, 2, 256, 0, 61, 5, 2, 11, 158, 4, 538, 13, 2, 17, 52, 13, 1, 2, 18, 5, 4, 7, 8, 5, 2, 0, 366, 0, 0, 4, 5, 2, 10, 15, 198, 5, 19, 26, 0, 195, 13, 8, 7, 10, 2, 11, 0, 11, 2, 4, 29, 3, 2, 0, 9, 9, 7, 4, 2, 2, 4, 21, 9, 55, 6, 3, 14, 7, 277, 23, 7, 23, 240, 11, 20, 6, 7, 4, 2, 2, 0, 3, 2, 0, 0, 80, 7, 52, 10, 132, 0, 107, 2, 2, 5, 7, 73, 3, 201, 2, 5, 1, 9, 0, 31, 0, 12, 242, 68, 5, 0, 245, 87, 2, 3, 11, 0, 2, 89, 11, 12, 4, 11, 17, 2, 8, 11, 0, 0, 0, 0, 25, 24, 3, 6, 16, 15, 2, 3, 0, 33, 0, 6, 97, 43, 12, 406, 9, 18, 59, 3, 0, 0, 1, 12, 40, 15, 7, 2, 11, 9, 11, 2, 191, 5, 52, 6, 0, 2, 1, 4, 0, 10, 0, 7, 3, 0, 0, 4, 20, 101, 2, 2, 50, 6, 3, 5, 6, 0, 69, 11, 14, 4, 17, 15, 11, 2, 190, 0, 3, 166, 4, 0, 15, 2, 4, 1, 1, 0, 8, 148, 0, 8, 83, 0, 10, 12, 2, 5, 14, 2, 0, 18, 19, 0, 6, 0, 8, 7, 23, 2, 2, 234, 86, 4, 0, 8, 11, 10, 15, 2, 53, 31, 20, 0, 56, 1, 0, 116, 4, 23, 6, 31, 18, 3, 12, 0, 5, 4, 0, 2, 31, 163, 3, 0, 19, 1, 0, 226, 166, 205, 3, 94, 3, 0, 1, 5, 2, 3, 0, 3, 1, 9, 10, 0, 4, 5, 41, 255, 6, 3, 7, 3, 12, 2, 0, 3, 0, 2, 0, 3, 0, 11]
